
Version 1.05: released on July 29th, 2010

pregraph -s SOAP.conf -p 4 -o geco_soap_def 
In SOAP.conf, 1 libs, max seq len 100, max name len 256

4 thread created
read from file:
 /state/partition1/atritt/GECO/GECO_p1.fastq
read from file:
 /state/partition1/atritt/GECO/GECO_p2.fastq
time spent on hash reads: 41s, 1769276 reads processed
[LIB] 0, avg_ins 650, reverse 0 
9141739 nodes allocated, 138003528 kmer in reads, 138003528 kmer processed
8819386 linear nodes
time spent on marking linear nodes 2s
time spent on pre-graph construction: 43s

deLowKmer 0, deLowEdge 1
Start to remove tips of single frequency kmers short than 46
89046 tips off
4 thread created
66984 linear nodes
Start to remove tips which don't contribute the most links
kmer set 0 done
kmer set 1 done
kmer set 2 done
kmer set 3 done
3193 tips off
4 thread created
0 linear nodes
time spent on cutTipe: 12s

463547 (231793) edges 27421 extra nodes
time spent on making edges: 7s

In file: SOAP.conf, max seq len 100, max name len 256

4 thread created
read from file:
 /state/partition1/atritt/GECO/GECO_p1.fastq
read from file:
 /state/partition1/atritt/GECO/GECO_p2.fastq
1769276 reads processed
time 5,1,19,9,1,5,0
0 markers outputed
done mapping reads, 13550 reads deleted, 413003 arcs created
[LIB] 0, avg_ins 650, reverse 0 
time spent on mapping reads: 43s

163286 vertex outputed
overall time for lightgraph: 1m

contig -g geco_soap_def -M 1 
there're 163286 kmers in vertex file
there're 463547 edge in edge file
done sort
input 463547 edges
590542 pre-arcs loaded
start to pinch bubbles, cutoff 0.100000, MAX NODE NUM 3, MAX DIFF 2
6278 startingPoints, 402697 dheap nodes
110975 pairs found, 25783 pairs of paths compared, 23113 pairs merged
sequenc compare failure: 0 473 2197 0
DFibHeap: 20166 Nodes allocated
a linear concatenation lap, 47054 concatenated
a linear concatenation lap, 3995 concatenated
a linear concatenation lap, 75 concatenated
a linear concatenation lap, 0 concatenated
314720 edges in graph
time spent on bubblePinch: 2s
Remove weakly linked edges: 34630 weak inner edges destroyed
68587 dead arcs removed
Remove low coverage(1): 4781 inner edges destroyed
9768 dead arcs removed
a linear concatenation lap, 48670 concatenated
a linear concatenation lap, 3660 concatenated
a linear concatenation lap, 94 concatenated
a linear concatenation lap, 0 concatenated
131050 edges in graph
there're 463547 edges
after compacting 131089 edges left
strict 0, cutLen 46
a cutTipsInGraph lap, 12975 tips cut
a cutTipsInGraph lap, 1114 tips cut
a cutTipsInGraph lap, 432 tips cut
a cutTipsInGraph lap, 216 tips cut
a cutTipsInGraph lap, 151 tips cut
a cutTipsInGraph lap, 79 tips cut
a cutTipsInGraph lap, 65 tips cut
a cutTipsInGraph lap, 75 tips cut
a cutTipsInGraph lap, 88 tips cut
a cutTipsInGraph lap, 54 tips cut
a cutTipsInGraph lap, 64 tips cut
a cutTipsInGraph lap, 30 tips cut
a cutTipsInGraph lap, 21 tips cut
a cutTipsInGraph lap, 12 tips cut
a cutTipsInGraph lap, 15 tips cut
a cutTipsInGraph lap, 7 tips cut
a cutTipsInGraph lap, 4 tips cut
a cutTipsInGraph lap, 3 tips cut
a cutTipsInGraph lap, 1 tips cut
a cutTipsInGraph lap, 0 tips cut
9190 dead arcs removed
a linear concatenation lap, 7095 concatenated
a linear concatenation lap, 122 concatenated
a linear concatenation lap, 0 concatenated
85804 edges in graph
there're 131089 edges
after compacting 85843 edges left
11434 ctgs longer than 100, sum up 5739154bp, with average length 501
the longest is 12238bp, contig N50 is 1541 bp,contig N90 is 100 bp
42941 contigs longer than 24 output
time elapsed: 0m

map -s SOAP.conf -g geco_soap_def -p 4 
K = 23
contig len cutoff: 25

there're 42941 contigs in file: geco_soap_def, max seq len 12238, min seq len 24, max name len 10
time spent on parse contigs file 0s
4 thread created
time spent on hash reads: 3s
6354228 nodes allocated, 6391686 kmer in reads, 6391686 kmer processed
time spent on De bruijn graph construction: 3s

time spent on mapping long reads: 0s

In file: SOAP.conf, max seq len 100, max name len 256

4 thread created
85843 edges in graph
read from file:
 /state/partition1/atritt/GECO/GECO_p1.fastq
read from file:
 /state/partition1/atritt/GECO/GECO_p2.fastq
current insert size 650, map_len 32
Output 715024 out of 1769276 (40.4)% reads in gaps
1579518 out of 1769276 (89.3)% reads mapped to contigs
1 pe insert size, the largest boundary is 1769276

[LIB] 0, avg_ins 650, reverse 0 
1164 reads deleted
time spent on mapping reads: 30s

overall time for alignment: 0m

scaff -g geco_soap_def -p 4 
there're 1 grads, 1769276 reads, max read len 100
K = 23
there're 85843 edge in edge file
average contig coverage is 10, 15690 contig masked
Mask contigs shorter than 25, 26464 contig masked
88722 arcs loaded
input 42941 contigs
done loading updated edges
time spent on loading edges 1s

518045 PEs with insert size 650 attached, 337 + 2391 + 0 ignored
estimated PE size 440, by 261071 pairs
on contigs longer than 650, 249804 pairs found,SD=38, insert_size estimated: 444
37175 new connections
all PEs attached
time spent on loading pair end info 2s

21461 link to masked contigs, 0 links on a single scaff
Insert size 650: 37174 links input
Cutoff for number of pairs to make a reliable connection: 3
17492 weak connects removed (there were 31426 active cnnects))
1 circles removed 
variance for insert size 30
a remove transitive lag, 735 connections removed
a remove transitive lag, 0 connections removed
Picked  703 subgraphs,0 have conflicting connections,245 have significant overlapping, 0 eligible
maskRepeat: 72 contigs masked from 156 puzzles
a remove transitive lag, 13 connections removed
a remove transitive lag, 0 connections removed
Picked  47 subgraphs,0 have conflicting connections,30 have significant overlapping, 0 eligible
non-strict linearization
Picked  26 subgraphs,0 have conflicting connections,21 have significant overlapping, 0 eligible
Masked 14 contigs, 0 puzzle left
Freezing is done....
0 contigs recovered
all links loaded
time spent on creating scaffolds 1s

the final rank
166 scaffolds from 11434 contigs sum up 5979420bp, with average length 36020, 0 gaps filled
7057 scaffolds&singleton sum up 6606816bp, with average length 936
the longest is 338088bp,scaffold N50 is 110472 bp, scaffold N90 is 1387 bp
Found 0 weak points in scaffolds
Done with 166 scaffolds, 0 gaps finished, 5527 gaps overall
time elapsed: 0m
time for the whole pipeline: 2m
